2016-08-21 22:22:51,770 [Worker-13] INFO  o.e.m.c.i.l.LifecycleMappingFactory - Using org.eclipse.m2e.jdt.JarLifecycleMapping lifecycle mapping for MavenProject: SilverBarsMarketplace:SilverBarsMarketplace:0.0.1-SNAPSHOT @ C:\Users\jasongorman\Documents\GitHub\SilverBars\SilverBarsMarketplace\pom.xml.
2016-08-21 22:22:52,319 [Worker-13] WARN  o.e.m.c.i.embedder.EclipseLogger - Using platform encoding (Cp1252 actually) to copy filtered resources, i.e. build is platform dependent!
2016-08-21 22:22:52,337 [Worker-13] INFO  o.e.m.c.i.embedder.EclipseLogger - skip non existing resourceDirectory C:\Users\jasongorman\Documents\GitHub\SilverBars\SilverBarsMarketplace\src\main\resources
2016-08-21 22:22:52,339 [Worker-13] WARN  o.e.m.c.i.embedder.EclipseLogger - Using platform encoding (Cp1252 actually) to copy filtered resources, i.e. build is platform dependent!
2016-08-21 22:22:52,351 [Worker-13] INFO  o.e.m.c.i.embedder.EclipseLogger - skip non existing resourceDirectory C:\Users\jasongorman\Documents\GitHub\SilverBars\SilverBarsMarketplace\src\test\resources
2016-08-21 22:22:53,470 [Worker-8] INFO  o.e.m.c.i.l.LifecycleMappingFactory - Using org.eclipse.m2e.jdt.JarLifecycleMapping lifecycle mapping for MavenProject: SilverBarsMarketplace:SilverBarsMarketplace:0.0.1-SNAPSHOT @ C:\Users\jasongorman\Documents\GitHub\SilverBars\SilverBarsMarketplace\pom.xml.
2016-08-21 22:22:54,481 [Worker-14] WARN  o.e.m.c.i.embedder.EclipseLogger - Using platform encoding (Cp1252 actually) to copy filtered resources, i.e. build is platform dependent!
2016-08-21 22:22:54,493 [Worker-14] INFO  o.e.m.c.i.embedder.EclipseLogger - skip non existing resourceDirectory C:\Users\jasongorman\Documents\GitHub\SilverBars\SilverBarsMarketplace\src\main\resources
2016-08-21 22:22:54,494 [Worker-14] WARN  o.e.m.c.i.embedder.EclipseLogger - Using platform encoding (Cp1252 actually) to copy filtered resources, i.e. build is platform dependent!
2016-08-21 22:22:54,507 [Worker-14] INFO  o.e.m.c.i.embedder.EclipseLogger - skip non existing resourceDirectory C:\Users\jasongorman\Documents\GitHub\SilverBars\SilverBarsMarketplace\src\test\resources
2016-08-21 22:23:10,715 [Worker-5] WARN  o.e.m.c.i.embedder.EclipseLogger - Using platform encoding (Cp1252 actually) to copy filtered resources, i.e. build is platform dependent!
2016-08-21 22:23:10,727 [Worker-5] INFO  o.e.m.c.i.embedder.EclipseLogger - skip non existing resourceDirectory C:\Users\jasongorman\Documents\GitHub\SilverBars\SilverBarsMarketplace\src\main\resources
2016-08-21 22:23:10,729 [Worker-5] WARN  o.e.m.c.i.embedder.EclipseLogger - Using platform encoding (Cp1252 actually) to copy filtered resources, i.e. build is platform dependent!
2016-08-21 22:23:10,741 [Worker-5] INFO  o.e.m.c.i.embedder.EclipseLogger - skip non existing resourceDirectory C:\Users\jasongorman\Documents\GitHub\SilverBars\SilverBarsMarketplace\src\test\resources
2016-08-21 22:28:02,608 [Worker-6] WARN  o.e.m.c.i.embedder.EclipseLogger - Using platform encoding (Cp1252 actually) to copy filtered resources, i.e. build is platform dependent!
2016-08-21 22:28:02,627 [Worker-6] INFO  o.e.m.c.i.embedder.EclipseLogger - skip non existing resourceDirectory C:\Users\jasongorman\Documents\GitHub\SilverBars\SilverBarsMarketplace\src\main\resources
2016-08-21 22:28:02,630 [Worker-6] WARN  o.e.m.c.i.embedder.EclipseLogger - Using platform encoding (Cp1252 actually) to copy filtered resources, i.e. build is platform dependent!
2016-08-21 22:28:02,641 [Worker-6] INFO  o.e.m.c.i.embedder.EclipseLogger - skip non existing resourceDirectory C:\Users\jasongorman\Documents\GitHub\SilverBars\SilverBarsMarketplace\src\test\resources
2016-08-21 22:28:40,348 [Worker-10] WARN  o.e.m.c.i.embedder.EclipseLogger - Using platform encoding (Cp1252 actually) to copy filtered resources, i.e. build is platform dependent!
2016-08-21 22:28:40,360 [Worker-10] INFO  o.e.m.c.i.embedder.EclipseLogger - skip non existing resourceDirectory C:\Users\jasongorman\Documents\GitHub\SilverBars\SilverBarsMarketplace\src\main\resources
2016-08-21 22:28:40,363 [Worker-10] WARN  o.e.m.c.i.embedder.EclipseLogger - Using platform encoding (Cp1252 actually) to copy filtered resources, i.e. build is platform dependent!
2016-08-21 22:28:40,376 [Worker-10] INFO  o.e.m.c.i.embedder.EclipseLogger - skip non existing resourceDirectory C:\Users\jasongorman\Documents\GitHub\SilverBars\SilverBarsMarketplace\src\test\resources
2016-08-21 22:28:53,133 [Worker-2] WARN  o.e.m.c.i.embedder.EclipseLogger - Using platform encoding (Cp1252 actually) to copy filtered resources, i.e. build is platform dependent!
2016-08-21 22:28:53,144 [Worker-2] INFO  o.e.m.c.i.embedder.EclipseLogger - skip non existing resourceDirectory C:\Users\jasongorman\Documents\GitHub\SilverBars\SilverBarsMarketplace\src\main\resources
2016-08-21 22:28:53,147 [Worker-2] WARN  o.e.m.c.i.embedder.EclipseLogger - Using platform encoding (Cp1252 actually) to copy filtered resources, i.e. build is platform dependent!
2016-08-21 22:28:53,161 [Worker-2] INFO  o.e.m.c.i.embedder.EclipseLogger - skip non existing resourceDirectory C:\Users\jasongorman\Documents\GitHub\SilverBars\SilverBarsMarketplace\src\test\resources
2016-08-21 22:29:11,659 [Worker-17] WARN  o.e.m.c.i.embedder.EclipseLogger - Using platform encoding (Cp1252 actually) to copy filtered resources, i.e. build is platform dependent!
2016-08-21 22:29:11,678 [Worker-17] INFO  o.e.m.c.i.embedder.EclipseLogger - skip non existing resourceDirectory C:\Users\jasongorman\Documents\GitHub\SilverBars\SilverBarsMarketplace\src\main\resources
2016-08-21 22:29:11,682 [Worker-17] WARN  o.e.m.c.i.embedder.EclipseLogger - Using platform encoding (Cp1252 actually) to copy filtered resources, i.e. build is platform dependent!
2016-08-21 22:29:11,696 [Worker-17] INFO  o.e.m.c.i.embedder.EclipseLogger - skip non existing resourceDirectory C:\Users\jasongorman\Documents\GitHub\SilverBars\SilverBarsMarketplace\src\test\resources
2016-08-21 22:29:22,846 [Worker-2] WARN  o.e.m.c.i.embedder.EclipseLogger - Using platform encoding (Cp1252 actually) to copy filtered resources, i.e. build is platform dependent!
2016-08-21 22:29:22,856 [Worker-2] INFO  o.e.m.c.i.embedder.EclipseLogger - skip non existing resourceDirectory C:\Users\jasongorman\Documents\GitHub\SilverBars\SilverBarsMarketplace\src\main\resources
2016-08-21 22:29:22,860 [Worker-2] WARN  o.e.m.c.i.embedder.EclipseLogger - Using platform encoding (Cp1252 actually) to copy filtered resources, i.e. build is platform dependent!
2016-08-21 22:29:22,870 [Worker-2] INFO  o.e.m.c.i.embedder.EclipseLogger - skip non existing resourceDirectory C:\Users\jasongorman\Documents\GitHub\SilverBars\SilverBarsMarketplace\src\test\resources
2016-08-21 22:29:35,245 [main] INFO  c.g.t.t.d.PublishedGradleVersions - Gradle version information cache file is not out-of-date. No remote download required.
2016-08-21 22:30:42,154 [Worker-14] WARN  o.e.m.c.i.embedder.EclipseLogger - Using platform encoding (Cp1252 actually) to copy filtered resources, i.e. build is platform dependent!
2016-08-21 22:30:42,163 [Worker-14] INFO  o.e.m.c.i.embedder.EclipseLogger - skip non existing resourceDirectory C:\Users\jasongorman\Documents\GitHub\SilverBars\SilverBarsMarketplace\src\main\resources
2016-08-21 22:30:42,167 [Worker-14] WARN  o.e.m.c.i.embedder.EclipseLogger - Using platform encoding (Cp1252 actually) to copy filtered resources, i.e. build is platform dependent!
2016-08-21 22:30:42,174 [Worker-14] INFO  o.e.m.c.i.embedder.EclipseLogger - skip non existing resourceDirectory C:\Users\jasongorman\Documents\GitHub\SilverBars\SilverBarsMarketplace\src\test\resources
2016-08-21 22:31:11,520 [Worker-14] WARN  o.e.m.c.i.embedder.EclipseLogger - Using platform encoding (Cp1252 actually) to copy filtered resources, i.e. build is platform dependent!
2016-08-21 22:31:11,527 [Worker-14] INFO  o.e.m.c.i.embedder.EclipseLogger - skip non existing resourceDirectory C:\Users\jasongorman\Documents\GitHub\SilverBars\SilverBarsMarketplace\src\main\resources
2016-08-21 22:31:11,531 [Worker-14] WARN  o.e.m.c.i.embedder.EclipseLogger - Using platform encoding (Cp1252 actually) to copy filtered resources, i.e. build is platform dependent!
2016-08-21 22:31:11,537 [Worker-14] INFO  o.e.m.c.i.embedder.EclipseLogger - skip non existing resourceDirectory C:\Users\jasongorman\Documents\GitHub\SilverBars\SilverBarsMarketplace\src\test\resources
2016-08-21 22:31:43,397 [Worker-19] WARN  o.e.m.c.i.embedder.EclipseLogger - Using platform encoding (Cp1252 actually) to copy filtered resources, i.e. build is platform dependent!
2016-08-21 22:31:43,408 [Worker-19] INFO  o.e.m.c.i.embedder.EclipseLogger - skip non existing resourceDirectory C:\Users\jasongorman\Documents\GitHub\SilverBars\SilverBarsMarketplace\src\main\resources
2016-08-21 22:31:43,413 [Worker-19] WARN  o.e.m.c.i.embedder.EclipseLogger - Using platform encoding (Cp1252 actually) to copy filtered resources, i.e. build is platform dependent!
2016-08-21 22:31:43,422 [Worker-19] INFO  o.e.m.c.i.embedder.EclipseLogger - skip non existing resourceDirectory C:\Users\jasongorman\Documents\GitHub\SilverBars\SilverBarsMarketplace\src\test\resources
2016-08-21 22:32:15,110 [Worker-11] WARN  o.e.m.c.i.embedder.EclipseLogger - Using platform encoding (Cp1252 actually) to copy filtered resources, i.e. build is platform dependent!
2016-08-21 22:32:15,117 [Worker-11] INFO  o.e.m.c.i.embedder.EclipseLogger - skip non existing resourceDirectory C:\Users\jasongorman\Documents\GitHub\SilverBars\SilverBarsMarketplace\src\main\resources
2016-08-21 22:32:15,120 [Worker-11] WARN  o.e.m.c.i.embedder.EclipseLogger - Using platform encoding (Cp1252 actually) to copy filtered resources, i.e. build is platform dependent!
2016-08-21 22:32:15,127 [Worker-11] INFO  o.e.m.c.i.embedder.EclipseLogger - skip non existing resourceDirectory C:\Users\jasongorman\Documents\GitHub\SilverBars\SilverBarsMarketplace\src\test\resources
2016-08-21 22:32:28,759 [Worker-6] WARN  o.e.m.c.i.embedder.EclipseLogger - Using platform encoding (Cp1252 actually) to copy filtered resources, i.e. build is platform dependent!
2016-08-21 22:32:28,768 [Worker-6] INFO  o.e.m.c.i.embedder.EclipseLogger - skip non existing resourceDirectory C:\Users\jasongorman\Documents\GitHub\SilverBars\SilverBarsMarketplace\src\main\resources
2016-08-21 22:32:28,773 [Worker-6] WARN  o.e.m.c.i.embedder.EclipseLogger - Using platform encoding (Cp1252 actually) to copy filtered resources, i.e. build is platform dependent!
2016-08-21 22:32:28,781 [Worker-6] INFO  o.e.m.c.i.embedder.EclipseLogger - skip non existing resourceDirectory C:\Users\jasongorman\Documents\GitHub\SilverBars\SilverBarsMarketplace\src\test\resources
2016-08-21 22:32:34,961 [Worker-17] WARN  o.e.m.c.i.embedder.EclipseLogger - Using platform encoding (Cp1252 actually) to copy filtered resources, i.e. build is platform dependent!
2016-08-21 22:32:34,986 [Worker-17] INFO  o.e.m.c.i.embedder.EclipseLogger - skip non existing resourceDirectory C:\Users\jasongorman\Documents\GitHub\SilverBars\SilverBarsMarketplace\src\main\resources
2016-08-21 22:32:34,994 [Worker-17] WARN  o.e.m.c.i.embedder.EclipseLogger - Using platform encoding (Cp1252 actually) to copy filtered resources, i.e. build is platform dependent!
2016-08-21 22:32:35,007 [Worker-17] INFO  o.e.m.c.i.embedder.EclipseLogger - skip non existing resourceDirectory C:\Users\jasongorman\Documents\GitHub\SilverBars\SilverBarsMarketplace\src\test\resources
2016-08-21 22:32:41,192 [Worker-9] WARN  o.e.m.c.i.embedder.EclipseLogger - Using platform encoding (Cp1252 actually) to copy filtered resources, i.e. build is platform dependent!
2016-08-21 22:32:41,210 [Worker-9] INFO  o.e.m.c.i.embedder.EclipseLogger - skip non existing resourceDirectory C:\Users\jasongorman\Documents\GitHub\SilverBars\SilverBarsMarketplace\src\main\resources
2016-08-21 22:32:41,216 [Worker-9] WARN  o.e.m.c.i.embedder.EclipseLogger - Using platform encoding (Cp1252 actually) to copy filtered resources, i.e. build is platform dependent!
2016-08-21 22:32:41,228 [Worker-9] INFO  o.e.m.c.i.embedder.EclipseLogger - skip non existing resourceDirectory C:\Users\jasongorman\Documents\GitHub\SilverBars\SilverBarsMarketplace\src\test\resources
